<?xml version="1.0" encoding="UTF-8"?>
<!-- Generated by org.testng.reporters.JUnitReportReporter -->
<testsuite hostname="LAPTOP-HBSAM75G" failures="0" tests="7" name="Testcases.R" time="0.348" errors="0" timestamp="2022-11-14T13:08:00 IST" skipped="0">
  <testcase classname="Testcases.R" name="sendun" time="0.070"/>
  <system-out/>
  <testcase classname="Testcases.R" name="sendpw" time="0.051"/>
  <system-out/>
  <testcase classname="Testcases.R" name="clicksub" time="0.085"/>
  <system-out/>
  <testcase classname="Testcases.R" name="getlandingtitle" time="0.029"/>
  <system-out/>
  <testcase classname="Testcases.R" name="click1" time="0.037"/>
  <system-out/>
  <testcase classname="Testcases.R" name="click2" time="0.035"/>
  <system-out/>
  <testcase classname="Testcases.R" name="click3" time="0.041"/>
  <system-out/>
</testsuite> <!-- Testcases.R -->
