<?xml version="1.0" encoding="UTF-8"?>
<!-- Generated by org.testng.reporters.JUnitReportReporter -->
<testsuite hostname="LAPTOP-HBSAM75G" failures="0" tests="1" name="Utility.ClaunchTest" time="0.009" errors="0" timestamp="2022-11-13T03:26:51 IST" skipped="0">
  <testcase classname="Utility.ClaunchTest" name="f" time="0.009"/>
  <system-out/>
</testsuite> <!-- Utility.ClaunchTest -->
